运行: 2D_27628_bjtcai
运行: ABACUS_shell_hd
运行: ABACUS_shell_ld
运行: ABACUS_shell_md
运行: ABACUS_shell_ud_M
运行: ACTIVSg10K
运行: ak2010
运行: as-22july06
运行: as-caida
运行: astro-ph
运行: aug2dc
运行: aug2d
运行: aug3dcqp
运行: aug3d
运行: barth5
运行: bauru5727
运行: bayer02
运行: bayer04
运行: bayer10
运行: bcsstk18
运行: bcsstm39
运行: bfly
运行: big
运行: biplane-9
运行: bips07_1693
运行: bips07_1998
运行: bips07_2476
运行: bips07_3078
运行: bips98_1450
运行: bloweya
运行: bloweybl
运行: bloweybq
CUDA error 700 [/data/apps/cuda/12.4/include/cub/util_device.cuh, 89]: an illegal memory access was encountered
CUDA error 101 [/data/apps/cuda/12.4/include/cub/util_device.cuh, 108]: invalid device ordinal
CUDA error 700 [/data/apps/cuda/12.4/include/cub/util_device.cuh, 314]: an illegal memory access was encountered
CUDA error 700 [/data/apps/cuda/12.4/include/cub/util_device.cuh, 397]: an illegal memory access was encountered
CUDA error 700 [/data/apps/cuda/12.4/include/cub/device/dispatch/dispatch_scan.cuh, 595]: an illegal memory access was encountered
terminate called after throwing an instance of 'thrust::THRUST_200301_900_NS::system::system_error'
  what():  after determining tmp storage requirements for exclusive_scan: cudaErrorIllegalAddress: an illegal memory access was encountered
timeout: the monitored command dumped core
/var/spool/slurmd/job31538/slurm_script: line 24: 3840281 Aborted                 timeout $TIMEOUT_SECONDS ./src/test -d 0 -aat 0 "$mtx_file" > "$LOG_DIR/${base_name_}.log"
警告: _aat0_m_n 运行失败，退出码: 134
运行: bodyy4
运行: bodyy5
运行: bodyy6
运行: brainpc2
运行: bratu3d
运行: c-42
运行: c-43
运行: c-44
运行: c-45
运行: c-46
运行: c-47
运行: c-48
运行: c-49
运行: c-50
运行: c-51
运行: c-52
运行: ca-CondMat
运行: cage10
运行: ca-HepPh
运行: case9_A_12
运行: cca
运行: ccc
运行: chem_master1
运行: circuit_3
运行: cond-mat-2003
运行: cond-mat
运行: copter1
运行: crack_dual
运行: crack
运行: cryg10000
运行: cs4
运行: cti
运行: CurlCurl_0
运行: cvxqp3
运行: cz10228
运行: cz20468
运行: de2010
运行: delaunay_n14
运行: delaunay_n15
运行: descriptor_xingo6u
运行: dtoc
运行: epb1
运行: epb2
运行: ex35
运行: FA
运行: Fashion_MNIST_norm_10NN
运行: fd15
运行: fd18
运行: fe_4elt2
运行: fe_sphere
运行: foldoc
运行: ford1
运行: G67
运行: g7jac040
运行: g7jac040sc
运行: g7jac050sc
运行: g7jac060
运行: g7jac060sc
运行: hangGlider_3
运行: hangGlider_4
运行: hangGlider_5
运行: har_10NN
运行: hi2010
运行: hvdc1
运行: igbt3
运行: Ill_Stokes
运行: jan99jac040
运行: jan99jac040sc
运行: jan99jac060
运行: jan99jac060sc
运行: jan99jac080
运行: jan99jac080sc
运行: jan99jac100
运行: jan99jac100sc
运行: jan99jac120
运行: jan99jac120sc
运行: jnlbrng1
运行: juba40k
运行: kmnist_norm_10NN
运行: L-9
运行: LF10000_M
运行: LFAT5000_M
运行: lhr10
运行: lhr11c
运行: lhr11
运行: linverse
运行: lowThrust_10
运行: lowThrust_11
运行: lowThrust_12
运行: lowThrust_13
运行: lowThrust_4
运行: lowThrust_5
运行: lowThrust_6
运行: lowThrust_7
运行: lowThrust_8
运行: lowThrust_9
运行: mario001
运行: mark3jac040
运行: mark3jac040sc
运行: mark3jac060
运行: mark3jac060sc
运行: mark3jac080
运行: mark3jac080sc
运行: memplus
运行: mimo28x28_system
运行: mimo46x46_system
运行: mimo8x8_system
运行: minsurfo
运行: mnist_test_norm_10NN
运行: mult_dcop_01
运行: mult_dcop_02
运行: mult_dcop_03
运行: ncvxqp1
运行: ncvxqp9
运行: nh2010
运行: nmos3
运行: nopoly
运行: nopss_11k
运行: obstclae
运行: onetone2
运行: OPF_3754
运行: Oregon-1
运行: Oregon-2
运行: p2p-Gnutella04
运行: p2p-Gnutella24
运行: p2p-Gnutella25
运行: p2p-Gnutella30
运行: pds10
运行: pesa
运行: PGPgiantcompo
运行: poli3
运行: poli4
运行: poli_large
运行: powersim
运行: qpband
运行: rail_20209
运行: rajat06
运行: rajat07
运行: rajat08
运行: rajat09
运行: rajat10
运行: rajat22
运行: rajat27
运行: ri2010
运行: se
运行: shermanACb
运行: shock-9
运行: shuttle_eddy
运行: sit100
运行: skirt
运行: spmsrtls
运行: stokes64
运行: stokes64s
运行: stufe-10
运行: t2dah_a
运行: t2dah_e
运行: ted_B
运行: ted_B_unscaled
运行: torsion1
运行: TSOPF_FS_b9_c6
运行: tuma1
运行: tuma2
运行: usps_norm_5NN
运行: vsp_barth5_1Ksep_50in_5Kout
运行: vsp_befref_fxm_2_4_air02
运行: vsp_c-30_data_data
运行: vsp_p0291_seymourl_iiasa
运行: vt2010
运行: wang3
运行: wang4
运行: whitaker3_dual
运行: wing_nodal
运行: worms20_10NN
运行: ww_vref_6405
运行: xingo3012
运行: xingo_afonso_itaipu
运行: zeros_nopss_13k
运行: Zhao1
运行: Zhao2
运行: bcsstm25
运行: bcsstm35
运行: bcsstm37
运行: m3plates
运行: t3dl_e
运行: 3D_28984_Tetra
运行: af23560
运行: airfoil_2d
运行: appu
运行: av41092
运行: bbmat
运行: bcsstk17
运行: bcsstk25
运行: bcsstk29
运行: bcsstk30
运行: bcsstk31
运行: bcsstk32
运行: bcsstk35
运行: bcsstk36
运行: bcsstk37
运行: bcsstk39
运行: bcsstm36
运行: bundle1
运行: c-53
运行: c-54
运行: c-55
运行: c-56
运行: c-57
运行: c-58
运行: c-59
运行: c-60
运行: c-61
运行: c-62ghs
运行: c-62
运行: c-63
运行: c-65
运行: c-66b
运行: c-66
运行: ca-AstroPh
运行: cage11
运行: case39_A_13
运行: cbuckle
运行: Chevron1
运行: chipcool0
运行: chipcool1
运行: cit-HepPh
运行: cit-HepTh
运行: ckt11752_dc_1
运行: cond-mat-2005
运行: conf5_4-8x8-05
运行: conf5_4-8x8-10
运行: conf5_4-8x8-15
运行: conf5_4-8x8-20
运行: conf6_0-8x8-20
运行: conf6_0-8x8-30
运行: crplat2
运行: crystk02
运行: crystk03
运行: cvxbqp1
运行: cyl6
运行: cz40948
运行: Dubcova1
运行: e40r0100
运行: EAT_RS
运行: EAT_SR
运行: email-Enron
运行: ex11
运行: ex19
运行: ex3sta1
运行: fe_body
运行: FEM_3D_thermal1
运行: finance256
运行: fxm4_6
运行: g7jac080
运行: g7jac080sc
运行: g7jac100
运行: g7jac100sc
运行: g7jac120
运行: g7jac120sc
运行: g7jac140
运行: g7jac140sc
运行: g7jac160
运行: g7jac160sc
运行: garon2
运行: Goodwin_030
运行: Goodwin_040
运行: Goodwin_054
运行: gridgena
运行: gupta1
运行: gyro_k
运行: gyro_m
运行: gyro
运行: helm3d01
运行: HEP-th
运行: HEP-th-new
运行: inlet
运行: invextr1_new
运行: k3plates
运行: k49_norm_10NN
运行: kim1
运行: lhr14c
运行: lhr14
运行: lhr17c
运行: lhr17
运行: lhr34c
运行: lhr34
运行: light_in_tissue
运行: li
运行: lpl1
运行: mark3jac100
运行: mark3jac100sc
运行: mixtank_new
运行: mosfet2
运行: msc10848
运行: msc23052
运行: ncvxbqp1
运行: net100
运行: net50
运行: net75
运行: ns3Da
运行: olafu
运行: onetone1
运行: OPF_10000
运行: OPF_6000
运行: opt1
运行: pcrystk02
运行: pcrystk03
运行: pkustk01
运行: pkustk02
运行: pkustk05
运行: pkustk07
运行: pkustk09
运行: pli
运行: poisson3Da
运行: Pres_Poisson
运行: pwt
运行: raefsky3
运行: raefsky4
运行: rajat15
运行: Reuters911
运行: rgg_n_2_15_s0
运行: rim
运行: rma10
运行: Si10H16
运行: Si5H12
运行: sinc15
运行: sinc18
运行: SiO
运行: sme3Da
运行: sme3Db
运行: sparsine
运行: std1_Jac2_db
运行: std1_Jac2
运行: std1_Jac3_db
运行: std1_Jac3
运行: stokes128
运行: t3dl_a
运行: t3dl
运行: tandem_vtx
运行: ted_AB
运行: ted_AB_unscaled
运行: ted_A
运行: ted_A_unscaled
运行: TEM27623_M
运行: trdheim
运行: Trefethen_20000b
运行: Trefethen_20000
运行: TSOPF_FS_b162_c1
运行: TSOPF_FS_b162_c3
运行: TSOPF_FS_b162_c4
运行: TSOPF_FS_b39_c7
运行: TSOPF_RS_b162_c3
运行: TSOPF_RS_b162_c4
运行: TSOPF_RS_b300_c1
运行: TSOPF_RS_b39_c19
运行: TSOPF_RS_b39_c7
运行: tsyl201
运行: tube1
运行: tube2
运行: vanbody
运行: vibrobox
运行: viscoplastic2_C_1
运行: viscorocks
运行: vsp_model1_crew1_cr42_south31
运行: vsp_msc10848_300sep_100in_1Kout
运行: vsp_sctap1-2b_and_seymourl
运行: vsp_south31_slptsk
运行: wathen100
运行: wathen120
运行: waveguide3D
运行: windscreen
运行: windtunnel_evap3d
运行: xenon1
运行: Zd_Jac2_db
运行: Zd_Jac3_db
运行: Zd_Jac3
运行: Zd_Jac6_db
运行: 3dtube
运行: gupta3
运行: human_gene1
运行: human_gene2
运行: mycielskian14
运行: mycielskian15
运行: nd12k
运行: nd6k
运行: net125
运行: net150
运行: pattern1
运行: pdb1HYS
运行: pkustk06
运行: pkustk08
运行: ramage02
运行: ship_001
运行: sme3Dc
运行: smt
运行: thread
运行: TSOPF_FS_b300_c1
运行: TSOPF_FS_b300
运行: TSOPF_RS_b2052_c1
运行: TSOPF_RS_b2383_c1
运行: TSOPF_RS_b2383
运行: TSOPF_RS_b300_c2
运行: TSOPF_RS_b300_c3
运行: TSOPF_RS_b678_c1
运行: TSOPF_RS_b678_c2
运行: 1138_bus
运行: b2_ss
运行: bcspwr06
运行: bcspwr07
运行: bcspwr08
运行: bcspwr09
运行: bcsstm08
运行: bcsstm09
运行: bcsstm11
运行: bcsstm21
运行: bcsstm23
运行: bcsstm24
运行: bcsstm26
运行: b_dyn
运行: bibd_81_2
运行: bwm2000
运行: Chem97ZtZ
运行: circuit204
运行: delaunay_n10
运行: diag
运行: dwt_1005
运行: dwt_1007
运行: epb0
运行: fpga_dcop_01
运行: fpga_dcop_02
运行: fpga_dcop_03
运行: fpga_dcop_04
运行: fpga_dcop_05
运行: fpga_dcop_06
运行: fpga_dcop_07
运行: fpga_dcop_08
运行: fpga_dcop_09
运行: fpga_dcop_10
运行: fpga_dcop_11
运行: fpga_dcop_12
运行: fpga_dcop_13
运行: fpga_dcop_14
运行: fpga_dcop_15
运行: fpga_dcop_16
运行: fpga_dcop_17
运行: fpga_dcop_18
运行: fpga_dcop_19
运行: fpga_dcop_20
运行: fpga_dcop_21
运行: fpga_dcop_22
运行: fpga_dcop_23
运行: fpga_dcop_24
运行: fpga_dcop_25
运行: fpga_dcop_26
运行: fpga_dcop_27
运行: fpga_dcop_28
运行: fpga_dcop_29
运行: fpga_dcop_30
运行: fpga_dcop_31
运行: fpga_dcop_32
运行: fpga_dcop_33
运行: fpga_dcop_34
运行: fpga_dcop_35
运行: fpga_dcop_36
运行: fpga_dcop_37
运行: fpga_dcop_38
运行: fpga_dcop_39
运行: fpga_dcop_40
运行: fpga_dcop_41
运行: fpga_dcop_42
运行: fpga_dcop_43
运行: fpga_dcop_44
运行: fpga_dcop_45
运行: fpga_dcop_46
运行: fpga_dcop_47
运行: fpga_dcop_48
运行: fpga_dcop_49
运行: fpga_dcop_50
运行: fpga_dcop_51
运行: fpga_trans_01
运行: fpga_trans_02
运行: G32
运行: G33
运行: G34
运行: GD06_Java
运行: GD96_a
运行: gre_1107
运行: iprob
CUDA error 700 [/data/apps/cuda/12.4/include/cub/util_device.cuh, 89]: an illegal memory access was encountered
CUDA error 101 [/data/apps/cuda/12.4/include/cub/util_device.cuh, 108]: invalid device ordinal
CUDA error 700 [/data/apps/cuda/12.4/include/cub/util_device.cuh, 314]: an illegal memory access was encountered
CUDA error 700 [/data/apps/cuda/12.4/include/cub/util_device.cuh, 397]: an illegal memory access was encountered
CUDA error 700 [/data/apps/cuda/12.4/include/cub/device/dispatch/dispatch_scan.cuh, 595]: an illegal memory access was encountered
terminate called after throwing an instance of 'thrust::THRUST_200301_900_NS::system::system_error'
  what():  after determining tmp storage requirements for exclusive_scan: cudaErrorIllegalAddress: an illegal memory access was encountered
timeout: the monitored command dumped core
/var/spool/slurmd/job31538/slurm_script: line 24: 3854239 Aborted                 timeout $TIMEOUT_SECONDS ./src/test -d 0 -aat 0 "$mtx_file" > "$LOG_DIR/${base_name_}.log"
警告: _aat0_m_n 运行失败，退出码: 134
运行: jagmesh2
运行: jagmesh3
运行: jagmesh4
运行: jagmesh5
运行: jagmesh6
运行: jagmesh7
运行: jagmesh8
运行: jagmesh9
运行: laser
运行: lshp1270
运行: lung1
运行: M20PI_n1
运行: M20PI_n
运行: M40PI_n1
运行: M40PI_n
运行: M80PI_n1
运行: mahindas
运行: netscience
运行: netz4504
运行: nnc1374
运行: NotreDame_yeast
运行: olm1000
运行: olm2000
运行: orsirr_1
运行: plsk1919
运行: poli
运行: pores_2
运行: qh1484
运行: rail_1357
运行: rajat04
运行: rajat19
运行: rdb1250l
运行: rdb1250
运行: Roget
运行: S20PI_n1
运行: S20PI_n
运行: S40PI_n1
运行: S40PI_n
运行: S80PI_n1
运行: saylr3
运行: sherman1
运行: sherman4
运行: SmaGri
运行: stufe
运行: t2dal_e
运行: tols1090
运行: tols2000
运行: tols4000
运行: tub1000
运行: west1505
运行: west2021
运行: zenios
运行: add20
运行: add32
运行: barth4
运行: barth
运行: bayer03
运行: bayer05
运行: bayer06
运行: bayer07
运行: bayer08
运行: bayer09
运行: bcspwr10
运行: bcsstk08
运行: bcsstk09
运行: bcsstk10
运行: bcsstk11
运行: bcsstk12
运行: bcsstk13
运行: bcsstk14
运行: bcsstk21
运行: bcsstk23
运行: bcsstk26
运行: bcsstk27
运行: bcsstm10
运行: bcsstm12
运行: bcsstm13
运行: bcsstm27
运行: bcsstm38
运行: blckhole
运行: can_1054
运行: can_1072
运行: cavity05
运行: cavity06
运行: cavity07
运行: cavity08
运行: cavity09
运行: cavity10
运行: cavity11
运行: cavity12
运行: cavity13
运行: cavity14
运行: cavity15
运行: circuit_1
运行: circuit_2
运行: coater1
运行: comsol
运行: dw1024
运行: dw4096
运行: dwt_1242
运行: dwt_2680
运行: eris1176
运行: ex10hs
运行: ex10
运行: ex12
运行: ex13
运行: ex14
运行: ex15
运行: ex18
运行: ex20
运行: ex23
运行: ex24
运行: ex26
运行: ex28
运行: ex29
运行: ex31
运行: ex32
运行: ex33
运行: ex36
运行: ex37
运行: ex3
运行: ex4
运行: ex6
运行: ex7
运行: ex8
运行: extr1
运行: G22
运行: G23
运行: G24
运行: G25
运行: G26
运行: G27
运行: G28
运行: G29
运行: G30
运行: G31
运行: G35
运行: G36
运行: G37
运行: G38
运行: G39
运行: G40
运行: G41
运行: G42
运行: G43
运行: G44
运行: G45
运行: G46
运行: G47
运行: G48
运行: G49
运行: G50
运行: G51
运行: G52
运行: G53
运行: G54
运行: G55
运行: G56
运行: G57
运行: G58
运行: G59
运行: G60
运行: G61
运行: G62
运行: G63
运行: G64
运行: G65
运行: G66
运行: G67
运行: g7jac010
运行: g7jac010sc
运行: g7jac020
运行: g7jac020sc
运行: garon1
运行: gemat11
运行: gemat12
运行: hydr1
运行: jan99jac020
运行: jan99jac020sc
运行: lhr01
运行: lhr02
运行: lhr04c
运行: lhr04
运行: lns_3937
运行: lnsp3937
运行: lshp1561
运行: lshp1882
运行: lshp2233
运行: lshp2614
运行: lshp3025
运行: lshp3466
运行: mark3jac020
运行: mark3jac020sc
运行: meg1
运行: meg4
运行: msc01050
运行: msc01440
运行: msc04515
运行: nasa1824
运行: nasa2146
运行: olm5000
运行: orani678
运行: orsreg_1
运行: pde2961
运行: plat1919
运行: radfr1
运行: rdb2048
运行: rdb5000
运行: rdist1
运行: rdist2
运行: rdist3a
运行: rw5151
运行: saylr4
运行: sherman2
运行: sherman3
运行: sherman5
运行: shyy41
运行: sstmodel
运行: swang1
运行: swang2
运行: thermal
运行: utm1700b
运行: utm3060
运行: utm5940
运行: wang1
运行: wang2
运行: watt_1
运行: watt_2
运行: aft01
运行: aft02
运行: bcsstk15
运行: bcsstk16
运行: bcsstk24
运行: bcsstk28
运行: bcsstk33
运行: bcsstk38
运行: benzene
运行: c-39
运行: c-41
运行: CAG_mat1916
运行: cavity16
运行: cavity17
运行: cavity18
运行: cavity19
运行: cavity20
运行: cavity21
运行: cavity22
运行: cavity23
运行: cavity24
运行: cavity25
运行: cavity26
运行: cegb2802
运行: cegb2919
运行: coater2
运行: conf5_0-4x4-10
运行: conf5_0-4x4-14
运行: conf5_0-4x4-18
运行: conf5_0-4x4-22
运行: conf5_0-4x4-26
运行: conf6_0-4x4-20
运行: conf6_0-4x4-30
运行: crystk01
运行: crystm01
运行: ex40
运行: EX5
运行: EX6
运行: Fashion_MNIST_norm_10NN
运行: fp
运行: g3rmt3m3
运行: Goodwin_023
运行: goodwin
运行: graham1
运行: GT01R
运行: heart2
运行: heart3
运行: indianpines_10NN
运行: JapaneseVowelsSmall_10NN
运行: kmnist_norm_10NN
运行: Kuu
运行: lhr07c
运行: lhr07
运行: lock3491
运行: man_5976
运行: mhd4800a
运行: mnist_test_norm_10NN
运行: mplate
运行: Muu
运行: mycielskian11
运行: mycielskian12
运行: Na5
运行: nasa2910
运行: nasa4704
运行: nemeth01
运行: nemeth02
运行: nemeth03
运行: nemeth04
运行: nemeth05
运行: nemeth06
运行: nemeth07
运行: nemeth08
运行: nemeth09
运行: nemeth10
运行: nemeth11
运行: nemeth12
运行: nemeth13
运行: nemeth14
运行: nemeth15
运行: nemeth16
运行: nemeth17
运行: nemeth18
运行: nemeth19
运行: nemeth20
运行: net25
运行: pf2177
运行: piston_E
运行: psmigr_1
运行: psmigr_2
运行: psmigr_3
运行: qc2534
运行: raefsky1
运行: raefsky2
运行: raefsky5
运行: raefsky6
运行: s1rmq4m1
运行: s1rmt3m1
运行: s2rmq4m1
运行: s2rmt3m1
运行: s3rmq4m1
运行: s3rmt3m1
运行: s3rmt3m3
运行: SiH4
运行: SiNa
运行: sinc12
运行: struct4
运行: t520
运行: TSC_OPF_300
运行: TSOPF_RS_b162_c1
运行: vsp_data_and_seymourl
运行: wiki-Vote
运行: windtunnel_evap2d
运行: 144
运行: 2cubes_sphere
运行: 2D_54019_highK
运行: 3D_51448_3D
运行: 598a
运行: Andrews
运行: apache1
运行: ar2010
运行: ASIC_100k
timeout: the monitored command dumped core
/var/spool/slurmd/job31538/slurm_script: line 24: 3862712 Segmentation fault      timeout $TIMEOUT_SECONDS ./src/test -d 0 -aat 0 "$mtx_file" > "$LOG_DIR/${base_name_}.log"
警告: _aat0_m_n 运行失败，退出码: 139
运行: ASIC_100ks
运行: barrier2-10
运行: barrier2-11
运行: barrier2-12
运行: barrier2-1
运行: barrier2-2
运行: barrier2-3
运行: barrier2-4
运行: barrier2-9
运行: Baumann
运行: blockqp1
CUDA error 700 [/data/apps/cuda/12.4/include/cub/util_device.cuh, 89]: an illegal memory access was encountered
CUDA error 101 [/data/apps/cuda/12.4/include/cub/util_device.cuh, 108]: invalid device ordinal
CUDA error 700 [/data/apps/cuda/12.4/include/cub/util_device.cuh, 314]: an illegal memory access was encountered
CUDA error 700 [/data/apps/cuda/12.4/include/cub/util_device.cuh, 397]: an illegal memory access was encountered
CUDA error 700 [/data/apps/cuda/12.4/include/cub/device/dispatch/dispatch_scan.cuh, 595]: an illegal memory access was encountered
terminate called after throwing an instance of 'thrust::THRUST_200301_900_NS::system::system_error'
  what():  after determining tmp storage requirements for exclusive_scan: cudaErrorIllegalAddress: an illegal memory access was encountered
timeout: the monitored command dumped core
/var/spool/slurmd/job31538/slurm_script: line 24: 3863526 Aborted                 timeout $TIMEOUT_SECONDS ./src/test -d 0 -aat 0 "$mtx_file" > "$LOG_DIR/${base_name_}.log"
警告: _aat0_m_n 运行失败，退出码: 134
运行: boyd1
timeout: the monitored command dumped core
/var/spool/slurmd/job31538/slurm_script: line 24: 3863560 Segmentation fault      timeout $TIMEOUT_SECONDS ./src/test -d 0 -aat 0 "$mtx_file" > "$LOG_DIR/${base_name_}.log"
警告: _aat0_m_n 运行失败，退出码: 139
运行: brack2
运行: c-64b
运行: c-64
运行: c-67b
运行: c-67
运行: c-68
运行: c-69
运行: c-70
运行: c-71
运行: c-72
运行: c-73b
运行: c-73
运行: cage12
运行: caidaRouterLevel
运行: cfd1
运行: cfd2
运行: ch7-8-b5
运行: Chevron2
运行: cont-201
运行: cont-300
运行: cop20k_A
运行: copter2
运行: crashbasis
运行: ct20stif
运行: dawson5
运行: dc1
timeout: the monitored command dumped core
/var/spool/slurmd/job31538/slurm_script: line 24: 3864615 Segmentation fault      timeout $TIMEOUT_SECONDS ./src/test -d 0 -aat 0 "$mtx_file" > "$LOG_DIR/${base_name_}.log"
警告: _aat0_m_n 运行失败，退出码: 139
运行: dc2
timeout: the monitored command dumped core
/var/spool/slurmd/job31538/slurm_script: line 24: 3864659 Segmentation fault      timeout $TIMEOUT_SECONDS ./src/test -d 0 -aat 0 "$mtx_file" > "$LOG_DIR/${base_name_}.log"
警告: _aat0_m_n 运行失败，退出码: 139
运行: dc3
timeout: the monitored command dumped core
/var/spool/slurmd/job31538/slurm_script: line 24: 3864692 Segmentation fault      timeout $TIMEOUT_SECONDS ./src/test -d 0 -aat 0 "$mtx_file" > "$LOG_DIR/${base_name_}.log"
警告: _aat0_m_n 运行失败，退出码: 139
运行: delaunay_n17
运行: denormal
运行: d_pretok
运行: Dubcova2
运行: Dubcova3
运行: epb3
运行: FEM_3D_thermal2
运行: fem_filter
运行: fe_ocean
运行: fe_rotor
运行: fe_tooth
运行: filter3D_E
运行: finan512
运行: ford2
运行: G2_circuit
运行: g7jac180
运行: g7jac180sc
运行: g7jac200
运行: g7jac200sc
运行: GaAsH6
运行: gas_sensor
运行: G_n_pin_pout
运行: Goodwin_071
运行: Goodwin_095
运行: H2O
运行: hcircuit
运行: hvdc2
运行: ibm_matrix_2
运行: id2010
运行: ifiss_mat
运行: imagesensor
运行: k1_san
运行: ky2010
运行: laminar_duct3D
运行: LeGresley_87936
运行: lhr71c
运行: lhr71
运行: lung2
运行: ma2010
运行: majorbasis
运行: matrix_9
运行: matrix-new_3
运行: md2010
运行: ms2010
运行: mt2010
运行: nasasrb
运行: ncvxqp3
运行: ncvxqp5
运行: ncvxqp7
运行: nd2010
运行: ne2010
运行: net4-1
运行: nj2010
运行: nm2010
运行: nv1
运行: nv2010
运行: oilpan
运行: olesnik0
运行: onera_dual
运行: or2010
运行: para-10
运行: para-4
运行: para-5
运行: para-6
运行: para-7
运行: para-8
运行: para-9
运行: pct20stif
运行: pfinan512
运行: pkustk03
运行: poisson3Db
运行: power197k
运行: power9
运行: preferentialAttachment
运行: qa8fk
运行: qa8fm
运行: rail_79841
运行: rajat16
运行: rajat17
运行: rajat18
运行: rajat20
运行: rajat23
运行: rajat25
运行: rajat28
运行: rgg_n_2_16_s0
运行: rgg_n_2_17_s0
运行: s3dkt3m2
运行: s4dkt3m2
运行: sc2010
运行: scircuit
运行: sd2010
运行: ship_003
运行: shipsec1
运行: shipsec8
运行: smallworld
运行: soc-Epinions1
运行: soc-sign-epinions
运行: soc-sign-Slashdot081106
运行: soc-sign-Slashdot090216
运行: soc-sign-Slashdot090221
运行: soc-Slashdot0811
运行: soc-Slashdot0902
运行: sparsine
运行: srb1
运行: struct3
运行: tandem_dual
运行: thermal1
运行: thermomech_TC
运行: thermomech_TK
运行: torso2
运行: trans4
timeout: the monitored command dumped core
/var/spool/slurmd/job31538/slurm_script: line 24: 3870604 Segmentation fault      timeout $TIMEOUT_SECONDS ./src/test -d 0 -aat 0 "$mtx_file" > "$LOG_DIR/${base_name_}.log"
警告: _aat0_m_n 运行失败，退出码: 139
运行: trans5
timeout: the monitored command dumped core
/var/spool/slurmd/job31538/slurm_script: line 24: 3870637 Segmentation fault      timeout $TIMEOUT_SECONDS ./src/test -d 0 -aat 0 "$mtx_file" > "$LOG_DIR/${base_name_}.log"
警告: _aat0_m_n 运行失败，退出码: 139
运行: transient
timeout: the monitored command dumped core
/var/spool/slurmd/job31538/slurm_script: line 24: 3870680 Segmentation fault      timeout $TIMEOUT_SECONDS ./src/test -d 0 -aat 0 "$mtx_file" > "$LOG_DIR/${base_name_}.log"
警告: _aat0_m_n 运行失败，退出码: 139
运行: TSOPF_FS_b39_c19
运行: TSOPF_FS_b39_c30
timeout: the monitored command dumped core
/var/spool/slurmd/job31538/slurm_script: line 24: 3870844 Segmentation fault      timeout $TIMEOUT_SECONDS ./src/test -d 0 -aat 0 "$mtx_file" > "$LOG_DIR/${base_name_}.log"
警告: _aat0_m_n 运行失败，退出码: 139
运行: TSOPF_RS_b39_c30
运行: turon_m
运行: twotone
运行: uni_chimera_i1_A_18
运行: uni_chimera_i2
运行: uni_chimera_i3
运行: uni_chimera_i4
运行: uni_chimera_i5
运行: ut2010
运行: venkat01
运行: venkat25
运行: venkat50
运行: vfem
运行: vsp_bump2_e18_aa01_model1_crew1
运行: vsp_c-60_data_cti_cs4
运行: vsp_finan512_scagr7-2c_rlfddd
运行: vsp_mod2_pgp2_slptsk
运行: vsp_vibrobox_scagr7-2c_rlfddd
运行: wa2010
运行: water_tank
运行: wave
运行: wv2010
运行: wy2010
运行: xenon2
运行: a0nsdsil
运行: a2nnsnsl
运行: a5esindl
运行: ACTIVSg70K
运行: bayer01
运行: bcircuit
运行: circuit_4
运行: ct2010
运行: cvxbqp1
运行: delaunay_n16
运行: dictionary28
运行: dixmaanl
运行: ecl32
运行: enron
运行: internet
运行: mark3jac120
运行: mark3jac120sc
运行: mark3jac140
运行: mark3jac140sc
运行: me2010
运行: ncvxbqp1
运行: p2p-Gnutella31
运行: rajat26
运行: RFdevice
运行: shallow_water1
运行: shallow_water2
运行: shyy161
运行: t60k
运行: usroads-48
运行: usroads
运行: wing
运行: Wordnet3
运行: bmw7st_1
运行: bmwcra_1
运行: boneS01
运行: cant
运行: Chebyshev4
运行: consph
运行: crankseg_1
运行: crankseg_2
运行: engine
运行: F2
运行: fullb
运行: Ga10As10H30
运行: Ga19As19H42
运行: Ga3As3H12
运行: Ge87H76
运行: Ge99H100
运行: gearbox
运行: Goodwin_127
运行: gupta2
运行: kron_g500-logn16
运行: kron_g500-logn17
timeout: the monitored command dumped core
/var/spool/slurmd/job31538/slurm_script: line 24: 3873578 Segmentation fault      timeout $TIMEOUT_SECONDS ./src/test -d 0 -aat 0 "$mtx_file" > "$LOG_DIR/${base_name_}.log"
警告: _aat0_m_n 运行失败，退出码: 139
运行: mip1
CUDA error 700 [/data/apps/cuda/12.4/include/cub/util_device.cuh, 89]: an illegal memory access was encountered
CUDA error 101 [/data/apps/cuda/12.4/include/cub/util_device.cuh, 108]: invalid device ordinal
CUDA error 700 [/data/apps/cuda/12.4/include/cub/util_device.cuh, 314]: an illegal memory access was encountered
CUDA error 700 [/data/apps/cuda/12.4/include/cub/util_device.cuh, 397]: an illegal memory access was encountered
CUDA error 700 [/data/apps/cuda/12.4/include/cub/device/dispatch/dispatch_scan.cuh, 595]: an illegal memory access was encountered
terminate called after throwing an instance of 'thrust::THRUST_200301_900_NS::system::system_error'
  what():  after determining tmp storage requirements for exclusive_scan: cudaErrorIllegalAddress: an illegal memory access was encountered
timeout: the monitored command dumped core
/var/spool/slurmd/job31538/slurm_script: line 24: 3873873 Aborted                 timeout $TIMEOUT_SECONDS ./src/test -d 0 -aat 0 "$mtx_file" > "$LOG_DIR/${base_name_}.log"
警告: _aat0_m_n 运行失败，退出码: 134
运行: mono_500Hz
运行: m_t1
运行: nd24k
运行: ohne2
运行: pkustk04
运行: pkustk10
运行: pkustk11
运行: pkustk12
运行: pkustk13
运行: pkustk14
运行: PR02R
运行: s3dkq4m2
运行: shipsec5
运行: Si34H36
运行: Si41Ge41H72
运行: SiO2
运行: t3dh_a
运行: t3dh_e
运行: TEM152078_M
运行: TEM181302_M
运行: torso1
运行: TSOPF_FS_b300_c2
运行: TSOPF_FS_b300_c3
运行: vsp_bcsstk30_500sep_10in_1Kout
运行: x104
运行: mycielskian17
警告: _aat0_m_n 运行超时（超过0分钟），已跳过
所有测试完成!
