af_shell10 Finished!
cant Finished!
case39 Finished!
conf5_4-8x8-05 Finished!
consph Finished!
cop20k_A Finished!
gupta3 Finished!
mac_econ_fwd500 Finished!
mc2depi Finished!
pdb1HYS Finished!
pkustk12 Finished!
pwtk Finished!
rma10 Finished!
scircuit Finished!
shipsec1 Finished!
SiO2 Finished!
TSOPF_FS_b300_c2 Finished!
webbase-1M Finished!
af_shell9 Finished!
CUDA error 700 [/data/apps/cuda/12.4/include/cub/util_device.cuh, 89]: an illegal memory access was encountered
CUDA error 101 [/data/apps/cuda/12.4/include/cub/util_device.cuh, 108]: invalid device ordinal
CUDA error 700 [/data/apps/cuda/12.4/include/cub/util_device.cuh, 314]: an illegal memory access was encountered
CUDA error 700 [/data/apps/cuda/12.4/include/cub/util_device.cuh, 397]: an illegal memory access was encountered
CUDA error 700 [/data/apps/cuda/12.4/include/cub/device/dispatch/dispatch_scan.cuh, 595]: an illegal memory access was encountered
terminate called after throwing an instance of 'thrust::THRUST_200301_900_NS::system::system_error'
  what():  after determining tmp storage requirements for exclusive_scan: cudaErrorIllegalAddress: an illegal memory access was encountered
/var/spool/slurmd/job30680/slurm_script: line 16: 378128 Aborted                 (core dumped) ./src/test -d 0 -aat 0 $mtx_file > /data/home/scwb383/run/TileSpGEMM_log/HYTEDataset/${base_name_}.log
cit-Patents Finished!
CoupCons3D Finished!
CUDA error 805 [/data/apps/cuda/12.4/include/cub/util_device.cuh, 89]: MPS client failed to connect to the MPS control daemon or the MPS server
CUDA error 805 [/data/apps/cuda/12.4/include/cub/util_device.cuh, 125]: MPS client failed to connect to the MPS control daemon or the MPS server
CUDA error 101 [/data/apps/cuda/12.4/include/cub/util_device.cuh, 397]: invalid device ordinal
CUDA error 101 [/data/apps/cuda/12.4/include/cub/device/dispatch/dispatch_scan.cuh, 595]: invalid device ordinal
terminate called after throwing an instance of 'thrust::THRUST_200301_900_NS::system::system_error'
  what():  after determining tmp storage requirements for exclusive_scan: cudaErrorInvalidDevice: invalid device ordinal
/var/spool/slurmd/job30680/slurm_script: line 16: 381694 Aborted                 (core dumped) ./src/test -d 0 -aat 0 $mtx_file > /data/home/scwb383/run/TileSpGEMM_log/HYTEDataset/${base_name_}.log
crankseg_2 Finished!
dielFilterV2real Finished!
Fault_639 Finished!
fem_hifreq_circuit Finished!
filter3D Finished!
kkt_power Finished!
/var/spool/slurmd/job30680/slurm_script: line 16: 385826 Segmentation fault      (core dumped) ./src/test -d 0 -aat 0 $mtx_file > /data/home/scwb383/run/TileSpGEMM_log/HYTEDataset/${base_name_}.log
kron_g500-logn18 Finished!
ldoor Finished!
mouse_gene Finished!
/var/spool/slurmd/job30680/slurm_script: line 16: 388233 Segmentation fault      (core dumped) ./src/test -d 0 -aat 0 $mtx_file > /data/home/scwb383/run/TileSpGEMM_log/HYTEDataset/${base_name_}.log
mycielskian16 Finished!
nd24k Finished!
pwtk Finished!
ship_001 Finished!
TSOPF_FS_b300_c3 Finished!
CUDA error 700 [/data/apps/cuda/12.4/include/cub/util_device.cuh, 89]: an illegal memory access was encountered
CUDA error 101 [/data/apps/cuda/12.4/include/cub/util_device.cuh, 108]: invalid device ordinal
CUDA error 700 [/data/apps/cuda/12.4/include/cub/util_device.cuh, 314]: an illegal memory access was encountered
CUDA error 700 [/data/apps/cuda/12.4/include/cub/util_device.cuh, 397]: an illegal memory access was encountered
CUDA error 700 [/data/apps/cuda/12.4/include/cub/device/dispatch/dispatch_scan.cuh, 595]: an illegal memory access was encountered
terminate called after throwing an instance of 'thrust::THRUST_200301_900_NS::system::system_error'
  what():  after determining tmp storage requirements for exclusive_scan: cudaErrorIllegalAddress: an illegal memory access was encountered
/var/spool/slurmd/job30680/slurm_script: line 16: 388659 Aborted                 (core dumped) ./src/test -d 0 -aat 0 $mtx_file > /data/home/scwb383/run/TileSpGEMM_log/HYTEDataset/${base_name_}.log
web-Google Finished!
