./src/test: error while loading shared libraries: libcudart.so.12: cannot open shared object file: No such file or directory
af_shell10 Finished!
./src/test: error while loading shared libraries: libcudart.so.12: cannot open shared object file: No such file or directory
cant Finished!
./src/test: error while loading shared libraries: libcudart.so.12: cannot open shared object file: No such file or directory
case39 Finished!
./src/test: error while loading shared libraries: libcudart.so.12: cannot open shared object file: No such file or directory
conf5_4-8x8-05 Finished!
./src/test: error while loading shared libraries: libcudart.so.12: cannot open shared object file: No such file or directory
consph Finished!
./src/test: error while loading shared libraries: libcudart.so.12: cannot open shared object file: No such file or directory
cop20k_A Finished!
./src/test: error while loading shared libraries: libcudart.so.12: cannot open shared object file: No such file or directory
gupta3 Finished!
./src/test: error while loading shared libraries: libcudart.so.12: cannot open shared object file: No such file or directory
mac_econ_fwd500 Finished!
./src/test: error while loading shared libraries: libcudart.so.12: cannot open shared object file: No such file or directory
mc2depi Finished!
./src/test: error while loading shared libraries: libcudart.so.12: cannot open shared object file: No such file or directory
pdb1HYS Finished!
./src/test: error while loading shared libraries: libcudart.so.12: cannot open shared object file: No such file or directory
pkustk12 Finished!
./src/test: error while loading shared libraries: libcudart.so.12: cannot open shared object file: No such file or directory
pwtk Finished!
./src/test: error while loading shared libraries: libcudart.so.12: cannot open shared object file: No such file or directory
rma10 Finished!
./src/test: error while loading shared libraries: libcudart.so.12: cannot open shared object file: No such file or directory
scircuit Finished!
./src/test: error while loading shared libraries: libcudart.so.12: cannot open shared object file: No such file or directory
shipsec1 Finished!
./src/test: error while loading shared libraries: libcudart.so.12: cannot open shared object file: No such file or directory
SiO2 Finished!
./src/test: error while loading shared libraries: libcudart.so.12: cannot open shared object file: No such file or directory
TSOPF_FS_b300_c2 Finished!
./src/test: error while loading shared libraries: libcudart.so.12: cannot open shared object file: No such file or directory
webbase-1M Finished!
./src/test: error while loading shared libraries: libcudart.so.12: cannot open shared object file: No such file or directory
af_shell9 Finished!
./src/test: error while loading shared libraries: libcudart.so.12: cannot open shared object file: No such file or directory
cit-Patents Finished!
./src/test: error while loading shared libraries: libcudart.so.12: cannot open shared object file: No such file or directory
CoupCons3D Finished!
./src/test: error while loading shared libraries: libcudart.so.12: cannot open shared object file: No such file or directory
crankseg_2 Finished!
./src/test: error while loading shared libraries: libcudart.so.12: cannot open shared object file: No such file or directory
dielFilterV2real Finished!
./src/test: error while loading shared libraries: libcudart.so.12: cannot open shared object file: No such file or directory
Fault_639 Finished!
./src/test: error while loading shared libraries: libcudart.so.12: cannot open shared object file: No such file or directory
fem_hifreq_circuit Finished!
./src/test: error while loading shared libraries: libcudart.so.12: cannot open shared object file: No such file or directory
filter3D Finished!
./src/test: error while loading shared libraries: libcudart.so.12: cannot open shared object file: No such file or directory
kkt_power Finished!
./src/test: error while loading shared libraries: libcudart.so.12: cannot open shared object file: No such file or directory
kron_g500-logn18 Finished!
./src/test: error while loading shared libraries: libcudart.so.12: cannot open shared object file: No such file or directory
ldoor Finished!
./src/test: error while loading shared libraries: libcudart.so.12: cannot open shared object file: No such file or directory
mouse_gene Finished!
./src/test: error while loading shared libraries: libcudart.so.12: cannot open shared object file: No such file or directory
mycielskian16 Finished!
./src/test: error while loading shared libraries: libcudart.so.12: cannot open shared object file: No such file or directory
nd24k Finished!
./src/test: error while loading shared libraries: libcudart.so.12: cannot open shared object file: No such file or directory
pwtk Finished!
./src/test: error while loading shared libraries: libcudart.so.12: cannot open shared object file: No such file or directory
ship_001 Finished!
./src/test: error while loading shared libraries: libcudart.so.12: cannot open shared object file: No such file or directory
TSOPF_FS_b300_c3 Finished!
./src/test: error while loading shared libraries: libcudart.so.12: cannot open shared object file: No such file or directory
web-Google Finished!
